
  3932(  4364) 05/12/2020 09:26:58  RTE D Parsing request document: <?xml version="1.0" encoding="utf-8"?><SOAP-ENV:Envelope xmlns:SOAP-ENV="http://schemas.xmlsoap.org/soap/envelope/"><SOAP-ENV:Header/><SOAP-ENV:Body><getMessages activity="1"/></SOAP-ENV:Body></SOAP-ENV:Envelope>
  3932(  4364) 05/12/2020 09:26:58  RTE D Returning response: <SOAP-ENV:Envelope xmlns:SOAP-ENV="http://schemas.xmlsoap.org/soap/envelope/"><SOAP-ENV:Body><getMessagesResponse attachmentCompressed="false" xmlns="http://servicecenter.peregrine.com/PWS"><model><messages/></model></getMessagesResponse></SOAP-ENV:Body></SOAP-ENV:Envelope>
  3932(  4364) 05/12/2020 09:26:58  RTE D setResponseXml() entered: size = 274, response = <SOAP-ENV:Envelope xmlns:SOAP-ENV="http://schemas.xmlsoap.org/soap/envelope/"><SOAP-ENV:Body><getMessagesResponse attachmentCompressed="false" xmlns="http://servicecenter.peregrine.com/PWS"><model><messages/></model></getMessagesResponse></SOAP-ENV:Body></SOAP-ENV:Envelope>
  3932(  4364) 05/12/2020 09:26:58  RTE D setResponseXml() finished
  3932(  4364) 05/12/2020 09:26:58  RTE D requestProcessed() entered
  3932(  4364) 05/12/2020 09:26:58  RTE D requestProcessed() finished
  3932(  4364) 05/12/2020 09:26:58  RTE D requestProcessed() to start JS GC
  3932(  4364) 05/12/2020 09:26:58  RTE D requestProcessed() finished JS GC
  3932(  2000) 05/12/2020 09:27:01  RTE D Parsing request document: <?xml version="1.0" encoding="utf-8"?><soapenv:Envelope xmlns:soapenv="http://schemas.xmlsoap.org/soap/envelope/" xmlns:xsd="http://www.w3.org/2001/XMLSchema" xmlns:xsi="http://www.w3.org/2001/XMLSchema-instance"><soapenv:Body xmlns:ns0="http://schemas.hp.com/SM/7"><ns0:RetrieveEventoutKeysListRequest><ns0:model><ns0:keys/><ns0:instance><ns0:EvType>test</ns0:EvType></ns0:instance></ns0:model></ns0:RetrieveEventoutKeysListRequest></soapenv:Body></soapenv:Envelope>
  3932(  2000) 05/12/2020 09:27:01  RTE D doCardinalOperation entered for SOA Mode 3 operation 2 - RetrieveKeysList
  3932(  2000) 05/12/2020 09:27:01  RTE D User falcon is already logged in for this process - skipping login processing
  3932(  2000) 05/12/2020 09:27:01  RTE D Operation will be carried out on file eventout
  3932(  2000) 05/12/2020 09:27:01  RTE D doQuery using query string evtype#"test"
  3932(  2000) 05/12/2020 09:27:01  RTE D doGet query returned 2
  3932(  2000) 05/12/2020 09:27:01  RTE D SOA revision time is 2020-04-19
  3932(  2000) 05/12/2020 09:27:01  RTE D SOA revision level is 2
  3932(  2000) 05/12/2020 09:27:01  RTE D Returning response: <SOAP-ENV:Envelope xmlns:SOAP-ENV="http://schemas.xmlsoap.org/soap/envelope/"><SOAP-ENV:Body><RetrieveEventoutKeysListResponse message="Success" query="" returnCode="0" schemaRevisionDate="2020-04-19" schemaRevisionLevel="2" status="SUCCESS" xmlns="http://schemas.hp.com/SM/7" xmlns:cmn="http://schemas.hp.com/SM/7/Common" xmlns:xmime="http://www.w3.org/2005/05/xmlmime" xmlns:xsd="http://www.w3.org/2001/XMLSchema" xmlns:xsi="http://www.w3.org/2001/XMLSchema-instance" xsi:schemaLocation="http://schemas.hp.com/SM/7 http://WIN-F4AP40P1CSI:12345/SM/7/Eventout.xsd"><keys><EvSeq type="String">1</EvSeq></keys><keys><EvSeq type="String">12</EvSeq></keys><keys><EvSeq type="String">3</EvSeq></keys></RetrieveEventoutKeysListResponse></SOAP-ENV:Body></SOAP-ENV:Envelope>
  3932(  2000) 05/12/2020 09:27:01  RTE D setResponseXml() entered: size = 766, response = <SOAP-ENV:Envelope xmlns:SOAP-ENV="http://schemas.xmlsoap.org/soap/envelope/"><SOAP-ENV:Body><RetrieveEventoutKeysListResponse message="Success" query="" returnCode="0" schemaRevisionDate="2020-04-19" schemaRevisionLevel="2" status="SUCCESS" xmlns="http://schemas.hp.com/SM/7" xmlns:cmn="http://schemas.hp.com/SM/7/Common" xmlns:xmime="http://www.w3.org/2005/05/xmlmime" xmlns:xsd="http://www.w3.org/2001/XMLSchema" xmlns:xsi="http://www.w3.org/2001/XMLSchema-instance" xsi:schemaLocation="http://schemas.hp.com/SM/7 http://WIN-F4AP40P1CSI:12345/SM/7/Eventout.xsd"><keys><EvSeq type="String">1</EvSeq></keys><keys><EvSeq type="String">12</EvSeq></keys><keys><EvSeq type="String">3</EvSeq></keys></RetrieveEventoutKeysListResponse></SOAP-ENV:Body></SOAP-ENV:Envelope>
  3932(  2000) 05/12/2020 09:27:01  RTE D setResponseXml() finished
  3932(  2000) 05/12/2020 09:27:01  RTE D requestProcessed() entered
  3932(  2000) 05/12/2020 09:27:01  RTE D requestProcessed() finished
  3932(  2000) 05/12/2020 09:27:01  RTE D requestProcessed() to start JS GC
  3932(  2000) 05/12/2020 09:27:01  RTE D requestProcessed() finished JS GC
  3932(  3820) 05/12/2020 09:27:01  RTE D Parsing request document: <?xml version="1.0" encoding="utf-8"?><soapenv:Envelope xmlns:soapenv="http://schemas.xmlsoap.org/soap/envelope/" xmlns:xsd="http://www.w3.org/2001/XMLSchema" xmlns:xsi="http://www.w3.org/2001/XMLSchema-instance"><soapenv:Body xmlns:ns0="http://schemas.hp.com/SM/7"><ns0:DeleteEventoutRequest><ns0:model><ns0:keys/><ns0:instance/></ns0:model></ns0:DeleteEventoutRequest></soapenv:Body></soapenv:Envelope>
  3932(  3820) 05/12/2020 09:27:01  RTE D doCardinalOperation entered for SOA Mode 3 operation 5 - Delete
  3932(  3820) 05/12/2020 09:27:01  RTE D User falcon is already logged in for this process - skipping login processing
  3932(  3820) 05/12/2020 09:27:01  RTE D Operation will be carried out on file eventout
  3932(  3820) 05/12/2020 09:27:01  RTE W doQuery: no query values specified and true query not allowed - returning 0
  3932(  3820) 05/12/2020 09:27:01  RTE D SOA revision time is 2020-04-19
  3932(  3820) 05/12/2020 09:27:01  RTE D SOA revision level is 2
  3932(  3820) 05/12/2020 09:27:01  RTE D Returning response: <SOAP-ENV:Envelope xmlns:SOAP-ENV="http://schemas.xmlsoap.org/soap/envelope/"><SOAP-ENV:Body><DeleteEventoutResponse message="No (more) records found" returnCode="9" schemaRevisionDate="2020-04-19" schemaRevisionLevel="2" status="FAILURE" xmlns="http://schemas.hp.com/SM/7" xmlns:cmn="http://schemas.hp.com/SM/7/Common" xmlns:xmime="http://www.w3.org/2005/05/xmlmime" xmlns:xsd="http://www.w3.org/2001/XMLSchema" xmlns:xsi="http://www.w3.org/2001/XMLSchema-instance" xsi:schemaLocation="http://schemas.hp.com/SM/7 http://WIN-F4AP40P1CSI:12345/SM/7/Eventout.xsd"><model><keys><EvSeq type="String" xsi:nil="true"></EvSeq></keys><instance uniquequery="evsysseq=NULL"/></model></DeleteEventoutResponse></SOAP-ENV:Body></SOAP-ENV:Envelope>
  3932(  3820) 05/12/2020 09:27:01  RTE D setResponseXml() entered: size = 734, response = <SOAP-ENV:Envelope xmlns:SOAP-ENV="http://schemas.xmlsoap.org/soap/envelope/"><SOAP-ENV:Body><DeleteEventoutResponse message="No (more) records found" returnCode="9" schemaRevisionDate="2020-04-19" schemaRevisionLevel="2" status="FAILURE" xmlns="http://schemas.hp.com/SM/7" xmlns:cmn="http://schemas.hp.com/SM/7/Common" xmlns:xmime="http://www.w3.org/2005/05/xmlmime" xmlns:xsd="http://www.w3.org/2001/XMLSchema" xmlns:xsi="http://www.w3.org/2001/XMLSchema-instance" xsi:schemaLocation="http://schemas.hp.com/SM/7 http://WIN-F4AP40P1CSI:12345/SM/7/Eventout.xsd"><model><keys><EvSeq type="String" xsi:nil="true"></EvSeq></keys><instance uniquequery="evsysseq=NULL"/></model></DeleteEventoutResponse></SOAP-ENV:Body></SOAP-ENV:Envelope>
  3932(  3820) 05/12/2020 09:27:01  RTE D setResponseXml() finished
  3932(  3820) 05/12/2020 09:27:01  RTE D requestProcessed() entered
  3932(  3820) 05/12/2020 09:27:01  RTE D requestProcessed() finished
  3932(  3820) 05/12/2020 09:27:01  RTE D requestProcessed() to start JS GC
  3932(  3820) 05/12/2020 09:27:01  RTE D requestProcessed() finished JS GC
  3932(  3820) 05/12/2020 09:27:01  RTE D Parsing request document: <?xml version="1.0" encoding="utf-8"?><soapenv:Envelope xmlns:soapenv="http://schemas.xmlsoap.org/soap/envelope/" xmlns:xsd="http://www.w3.org/2001/XMLSchema" xmlns:xsi="http://www.w3.org/2001/XMLSchema-instance"><soapenv:Body xmlns:ns0="http://schemas.hp.com/SM/7"><ns0:DeleteEventoutRequest><ns0:model><ns0:keys/><ns0:instance/></ns0:model></ns0:DeleteEventoutRequest></soapenv:Body></soapenv:Envelope>
  3932(  3820) 05/12/2020 09:27:01  RTE D doCardinalOperation entered for SOA Mode 3 operation 5 - Delete
  3932(  3820) 05/12/2020 09:27:01  RTE D User falcon is already logged in for this process - skipping login processing
  3932(  3820) 05/12/2020 09:27:01  RTE D Operation will be carried out on file eventout
  3932(  3820) 05/12/2020 09:27:01  RTE W doQuery: no query values specified and true query not allowed - returning 0
  3932(  3820) 05/12/2020 09:27:01  RTE D SOA revision time is 2020-04-19
  3932(  3820) 05/12/2020 09:27:01  RTE D SOA revision level is 2
  3932(  3820) 05/12/2020 09:27:01  RTE D Returning response: <SOAP-ENV:Envelope xmlns:SOAP-ENV="http://schemas.xmlsoap.org/soap/envelope/"><SOAP-ENV:Body><DeleteEventoutResponse message="No (more) records found" returnCode="9" schemaRevisionDate="2020-04-19" schemaRevisionLevel="2" status="FAILURE" xmlns="http://schemas.hp.com/SM/7" xmlns:cmn="http://schemas.hp.com/SM/7/Common" xmlns:xmime="http://www.w3.org/2005/05/xmlmime" xmlns:xsd="http://www.w3.org/2001/XMLSchema" xmlns:xsi="http://www.w3.org/2001/XMLSchema-instance" xsi:schemaLocation="http://schemas.hp.com/SM/7 http://WIN-F4AP40P1CSI:12345/SM/7/Eventout.xsd"><model><keys><EvSeq type="String" xsi:nil="true"></EvSeq></keys><instance uniquequery="evsysseq=NULL"/></model></DeleteEventoutResponse></SOAP-ENV:Body></SOAP-ENV:Envelope>
  3932(  3820) 05/12/2020 09:27:01  RTE D setResponseXml() entered: size = 734, response = <SOAP-ENV:Envelope xmlns:SOAP-ENV="http://schemas.xmlsoap.org/soap/envelope/"><SOAP-ENV:Body><DeleteEventoutResponse message="No (more) records found" returnCode="9" schemaRevisionDate="2020-04-19" schemaRevisionLevel="2" status="FAILURE" xmlns="http://schemas.hp.com/SM/7" xmlns:cmn="http://schemas.hp.com/SM/7/Common" xmlns:xmime="http://www.w3.org/2005/05/xmlmime" xmlns:xsd="http://www.w3.org/2001/XMLSchema" xmlns:xsi="http://www.w3.org/2001/XMLSchema-instance" xsi:schemaLocation="http://schemas.hp.com/SM/7 http://WIN-F4AP40P1CSI:12345/SM/7/Eventout.xsd"><model><keys><EvSeq type="String" xsi:nil="true"></EvSeq></keys><instance uniquequery="evsysseq=NULL"/></model></DeleteEventoutResponse></SOAP-ENV:Body></SOAP-ENV:Envelope>
  3932(  3820) 05/12/2020 09:27:01  RTE D setResponseXml() finished
  3932(  3820) 05/12/2020 09:27:01  RTE D requestProcessed() entered
  3932(  3820) 05/12/2020 09:27:01  RTE D requestProcessed() finished
  3932(  3820) 05/12/2020 09:27:01  RTE D requestProcessed() to start JS GC
  3932(  3820) 05/12/2020 09:27:01  RTE D requestProcessed() finished JS GC
  3932(  3820) 05/12/2020 09:27:01  RTE D Parsing request document: <?xml version="1.0" encoding="utf-8"?><soapenv:Envelope xmlns:soapenv="http://schemas.xmlsoap.org/soap/envelope/" xmlns:xsd="http://www.w3.org/2001/XMLSchema" xmlns:xsi="http://www.w3.org/2001/XMLSchema-instance"><soapenv:Body xmlns:ns0="http://schemas.hp.com/SM/7"><ns0:DeleteEventoutRequest><ns0:model><ns0:keys/><ns0:instance/></ns0:model></ns0:DeleteEventoutRequest></soapenv:Body></soapenv:Envelope>
  3932(  3820) 05/12/2020 09:27:01  RTE D doCardinalOperation entered for SOA Mode 3 operation 5 - Delete
  3932(  3820) 05/12/2020 09:27:01  RTE D User falcon is already logged in for this process - skipping login processing
  3932(  3820) 05/12/2020 09:27:01  RTE D Operation will be carried out on file eventout
  3932(  3820) 05/12/2020 09:27:01  RTE W doQuery: no query values specified and true query not allowed - returning 0
  3932(  3820) 05/12/2020 09:27:01  RTE D SOA revision time is 2020-04-19
  3932(  3820) 05/12/2020 09:27:01  RTE D SOA revision level is 2
  3932(  3820) 05/12/2020 09:27:01  RTE D Returning response: <SOAP-ENV:Envelope xmlns:SOAP-ENV="http://schemas.xmlsoap.org/soap/envelope/"><SOAP-ENV:Body><DeleteEventoutResponse message="No (more) records found" returnCode="9" schemaRevisionDate="2020-04-19" schemaRevisionLevel="2" status="FAILURE" xmlns="http://schemas.hp.com/SM/7" xmlns:cmn="http://schemas.hp.com/SM/7/Common" xmlns:xmime="http://www.w3.org/2005/05/xmlmime" xmlns:xsd="http://www.w3.org/2001/XMLSchema" xmlns:xsi="http://www.w3.org/2001/XMLSchema-instance" xsi:schemaLocation="http://schemas.hp.com/SM/7 http://WIN-F4AP40P1CSI:12345/SM/7/Eventout.xsd"><model><keys><EvSeq type="String" xsi:nil="true"></EvSeq></keys><instance uniquequery="evsysseq=NULL"/></model></DeleteEventoutResponse></SOAP-ENV:Body></SOAP-ENV:Envelope>
  3932(  3820) 05/12/2020 09:27:01  RTE D setResponseXml() entered: size = 734, response = <SOAP-ENV:Envelope xmlns:SOAP-ENV="http://schemas.xmlsoap.org/soap/envelope/"><SOAP-ENV:Body><DeleteEventoutResponse message="No (more) records found" returnCode="9" schemaRevisionDate="2020-04-19" schemaRevisionLevel="2" status="FAILURE" xmlns="http://schemas.hp.com/SM/7" xmlns:cmn="http://schemas.hp.com/SM/7/Common" xmlns:xmime="http://www.w3.org/2005/05/xmlmime" xmlns:xsd="http://www.w3.org/2001/XMLSchema" xmlns:xsi="http://www.w3.org/2001/XMLSchema-instance" xsi:schemaLocation="http://schemas.hp.com/SM/7 http://WIN-F4AP40P1CSI:12345/SM/7/Eventout.xsd"><model><keys><EvSeq type="String" xsi:nil="true"></EvSeq></keys><instance uniquequery="evsysseq=NULL"/></model></DeleteEventoutResponse></SOAP-ENV:Body></SOAP-ENV:Envelope>
  3932(  3820) 05/12/2020 09:27:01  RTE D setResponseXml() finished
  3932(  3820) 05/12/2020 09:27:01  RTE D requestProcessed() entered
  3932(  3820) 05/12/2020 09:27:01  RTE D requestProcessed() finished
  3932(  3820) 05/12/2020 09:27:01  RTE D requestProcessed() to start JS GC
  3932(  3820) 05/12/2020 09:27:01  RTE D requestProcessed() finished JS GC
  3932(  4364) 05/12/2020 09:27:13  RTE D Parsing request document: <?xml version="1.0" encoding="utf-8"?><SOAP-ENV:Envelope xmlns:SOAP-ENV="http://schemas.xmlsoap.org/soap/envelope/"><SOAP-ENV:Header/><SOAP-ENV:Body><getMessages/></SOAP-ENV:Body></SOAP-ENV:Envelope>
  3932(  4364) 05/12/2020 09:27:13  RTE D Returning response: <SOAP-ENV:Envelope xmlns:SOAP-ENV="http://schemas.xmlsoap.org/soap/envelope/"><SOAP-ENV:Body><getMessagesResponse attachmentCompressed="false" xmlns="http://servicecenter.peregrine.com/PWS"><model><messages/></model></getMessagesResponse></SOAP-ENV:Body></SOAP-ENV:Envelope>
  3932(  4364) 05/12/2020 09:27:13  RTE D setResponseXml() entered: size = 274, response = <SOAP-ENV:Envelope xmlns:SOAP-ENV="http://schemas.xmlsoap.org/soap/envelope/"><SOAP-ENV:Body><getMessagesResponse attachmentCompressed="false" xmlns="http://servicecenter.peregrine.com/PWS"><model><messages/></model></getMessagesResponse></SOAP-ENV:Body></SOAP-ENV:Envelope>
  3932(  4364) 05/12/2020 09:27:13  RTE D setResponseXml() finished
  3932(  4364) 05/12/2020 09:27:13  RTE D requestProcessed() entered
  3932(  4364) 05/12/2020 09:27:13  RTE D requestProcessed() finished
  3932(  4364) 05/12/2020 09:27:13  RTE D requestProcessed() to start JS GC
  3932(  4364) 05/12/2020 09:27:13  RTE D requestProcessed() finished JS GC
